# JRE version: OpenJDK Runtime Environment Temurin-17.0.2+8 (17.0.2+8) (build 17.0.2+8)
# Java VM: OpenJDK 64-Bit Server VM Temurin-17.0.2+8 (17.0.2+8, mixed mode, tiered, compressed oops, compressed class ptrs, parallel gc, windows-amd64)
GC Precious Log:
 CPUs: 6 total, 6 available
 Memory: 12270M
 Large Page Support: Disabled
 NUMA Support: Disabled
 Compressed Oops: Enabled (32-bit)
 Alignments: Space 512K, Generation 512K, Heap 2M
 Heap Min Capacity: 100M
 Heap Initial Capacity: 100M
 Heap Max Capacity: 1G
 Pre-touch: Disabled
 Parallel Workers: 6
Heap:
 PSYoungGen      total 35328K, used 32590K [0x00000000eab00000, 0x00000000ed380000, 0x0000000100000000)
  eden space 32256K, 92% used [0x00000000eab00000,0x00000000ec80e580,0x00000000eca80000)
  from space 3072K, 92% used [0x00000000ed080000,0x00000000ed345488,0x00000000ed380000)
  to   space 4608K, 0% used [0x00000000eca80000,0x00000000eca80000,0x00000000ecf00000)
 ParOldGen       total 133632K, used 123701K [0x00000000c0000000, 0x00000000c8280000, 0x00000000eab00000)
  object space 133632K, 92% used [0x00000000c0000000,0x00000000c78cd6c8,0x00000000c8280000)
 Metaspace       used 81674K, committed 82560K, reserved 1130496K
  class space    used 8230K, committed 8640K, reserved 1048576K
GC Heap History (20 events):
Event: 5987.068 GC heap before
{Heap before GC invocations=3132 (full 61):
 PSYoungGen      total 35328K, used 34965K [0x00000000eab00000, 0x00000000ed580000, 0x0000000100000000)
  eden space 31232K, 99% used [0x00000000eab00000,0x00000000ec9469e0,0x00000000ec980000)
  from space 4096K, 96% used [0x00000000ed180000,0x00000000ed55ebb8,0x00000000ed580000)
  to   space 5632K, 0% used [0x00000000eca80000,0x00000000eca80000,0x00000000ed000000)
 ParOldGen       total 133632K, used 116184K [0x00000000c0000000, 0x00000000c8280000, 0x00000000eab00000)
  object space 133632K, 86% used [0x00000000c0000000,0x00000000c7176108,0x00000000c8280000)
 Metaspace       used 81648K, committed 82560K, reserved 1130496K
  class space    used 8230K, committed 8640K, reserved 1048576K
}
Event: 5987.071 GC heap after
{Heap after GC invocations=3132 (full 61):
 PSYoungGen      total 37888K, used 4965K [0x00000000eab00000, 0x00000000ed680000, 0x0000000100000000)
  eden space 32256K, 0% used [0x00000000eab00000,0x00000000eab00000,0x00000000eca80000)
  from space 5632K, 88% used [0x00000000eca80000,0x00000000ecf59600,0x00000000ed000000)
  to   space 5632K, 0% used [0x00000000ed100000,0x00000000ed100000,0x00000000ed680000)
 ParOldGen       total 133632K, used 116184K [0x00000000c0000000, 0x00000000c8280000, 0x00000000eab00000)
  object space 133632K, 86% used [0x00000000c0000000,0x00000000c7176108,0x00000000c8280000)
 Metaspace       used 81648K, committed 82560K, reserved 1130496K
  class space    used 8230K, committed 8640K, reserved 1048576K
}
Event: 5987.188 GC heap before
{Heap before GC invocations=3133 (full 61):
 PSYoungGen      total 37888K, used 36840K [0x00000000eab00000, 0x00000000ed680000, 0x0000000100000000)
  eden space 32256K, 98% used [0x00000000eab00000,0x00000000eca20bb0,0x00000000eca80000)
  from space 5632K, 88% used [0x00000000eca80000,0x00000000ecf59600,0x00000000ed000000)
  to   space 5632K, 0% used [0x00000000ed100000,0x00000000ed100000,0x00000000ed680000)
 ParOldGen       total 133632K, used 116184K [0x00000000c0000000, 0x00000000c8280000, 0x00000000eab00000)
  object space 133632K, 86% used [0x00000000c0000000,0x00000000c7176108,0x00000000c8280000)
 Metaspace       used 81648K, committed 82560K, reserved 1130496K
  class space    used 8230K, committed 8640K, reserved 1048576K
}
Event: 5987.192 GC heap after
{Heap after GC invocations=3133 (full 61):
 PSYoungGen      total 36864K, used 4904K [0x00000000eab00000, 0x00000000ed600000, 0x0000000100000000)
  eden space 31744K, 0% used [0x00000000eab00000,0x00000000eab00000,0x00000000eca00000)
  from space 5120K, 95% used [0x00000000ed100000,0x00000000ed5ca060,0x00000000ed600000)
  to   space 5120K, 0% used [0x00000000ecc00000,0x00000000ecc00000,0x00000000ed100000)
 ParOldGen       total 133632K, used 116184K [0x00000000c0000000, 0x00000000c8280000, 0x00000000eab00000)
  object space 133632K, 86% used [0x00000000c0000000,0x00000000c7176108,0x00000000c8280000)
 Metaspace       used 81648K, committed 82560K, reserved 1130496K
  class space    used 8230K, committed 8640K, reserved 1048576K
}
Event: 5989.237 GC heap before
{Heap before GC invocations=3134 (full 61):
 PSYoungGen      total 36864K, used 36419K [0x00000000eab00000, 0x00000000ed600000, 0x0000000100000000)
  eden space 31744K, 99% used [0x00000000eab00000,0x00000000ec9c6ba8,0x00000000eca00000)
  from space 5120K, 95% used [0x00000000ed100000,0x00000000ed5ca060,0x00000000ed600000)
  to   space 5120K, 0% used [0x00000000ecc00000,0x00000000ecc00000,0x00000000ed100000)
 ParOldGen       total 133632K, used 116184K [0x00000000c0000000, 0x00000000c8280000, 0x00000000eab00000)
  object space 133632K, 86% used [0x00000000c0000000,0x00000000c7176108,0x00000000c8280000)
 Metaspace       used 81650K, committed 82560K, reserved 1130496K
  class space    used 8230K, committed 8640K, reserved 1048576K
}
Event: 5989.241 GC heap after
{Heap after GC invocations=3134 (full 61):
 PSYoungGen      total 36352K, used 5117K [0x00000000eab00000, 0x00000000ed580000, 0x0000000100000000)
  eden space 31232K, 0% used [0x00000000eab00000,0x00000000eab00000,0x00000000ec980000)
  from space 5120K, 99% used [0x00000000ecc00000,0x00000000ed0ff450,0x00000000ed100000)
  to   space 4608K, 0% used [0x00000000ed100000,0x00000000ed100000,0x00000000ed580000)
 ParOldGen       total 133632K, used 116746K [0x00000000c0000000, 0x00000000c8280000, 0x00000000eab00000)
  object space 133632K, 87% used [0x00000000c0000000,0x00000000c7202a48,0x00000000c8280000)
 Metaspace       used 81650K, committed 82560K, reserved 1130496K
  class space    used 8230K, committed 8640K, reserved 1048576K
}
Event: 5989.304 GC heap before
{Heap before GC invocations=3135 (full 61):
 PSYoungGen      total 36352K, used 35822K [0x00000000eab00000, 0x00000000ed580000, 0x0000000100000000)
  eden space 31232K, 98% used [0x00000000eab00000,0x00000000ec8fc4f0,0x00000000ec980000)
  from space 5120K, 99% used [0x00000000ecc00000,0x00000000ed0ff450,0x00000000ed100000)
  to   space 4608K, 0% used [0x00000000ed100000,0x00000000ed100000,0x00000000ed580000)
 ParOldGen       total 133632K, used 116746K [0x00000000c0000000, 0x00000000c8280000, 0x00000000eab00000)
  object space 133632K, 87% used [0x00000000c0000000,0x00000000c7202a48,0x00000000c8280000)
 Metaspace       used 81652K, committed 82560K, reserved 1130496K
  class space    used 8230K, committed 8640K, reserved 1048576K
}
Event: 5989.309 GC heap after
{Heap after GC invocations=3135 (full 61):
 PSYoungGen      total 34304K, used 3543K [0x00000000eab00000, 0x00000000ed480000, 0x0000000100000000)
  eden space 30720K, 0% used [0x00000000eab00000,0x00000000eab00000,0x00000000ec900000)
  from space 3584K, 98% used [0x00000000ed100000,0x00000000ed475e68,0x00000000ed480000)
  to   space 4608K, 0% used [0x00000000ecb80000,0x00000000ecb80000,0x00000000ed000000)
 ParOldGen       total 133632K, used 117703K [0x00000000c0000000, 0x00000000c8280000, 0x00000000eab00000)
  object space 133632K, 88% used [0x00000000c0000000,0x00000000c72f1f60,0x00000000c8280000)
 Metaspace       used 81652K, committed 82560K, reserved 1130496K
  class space    used 8230K, committed 8640K, reserved 1048576K
}
Event: 5989.385 GC heap before
{Heap before GC invocations=3136 (full 61):
 PSYoungGen      total 34304K, used 32848K [0x00000000eab00000, 0x00000000ed480000, 0x0000000100000000)
  eden space 30720K, 95% used [0x00000000eab00000,0x00000000ec79e500,0x00000000ec900000)
  from space 3584K, 98% used [0x00000000ed100000,0x00000000ed475e68,0x00000000ed480000)
  to   space 4608K, 0% used [0x00000000ecb80000,0x00000000ecb80000,0x00000000ed000000)
 ParOldGen       total 133632K, used 117703K [0x00000000c0000000, 0x00000000c8280000, 0x00000000eab00000)
  object space 133632K, 88% used [0x00000000c0000000,0x00000000c72f1f60,0x00000000c8280000)
 Metaspace       used 81653K, committed 82560K, reserved 1130496K
  class space    used 8230K, committed 8640K, reserved 1048576K
}
Event: 5989.389 GC heap after
{Heap after GC invocations=3136 (full 61):
 PSYoungGen      total 34304K, used 3595K [0x00000000eab00000, 0x00000000ed180000, 0x0000000100000000)
  eden space 30208K, 0% used [0x00000000eab00000,0x00000000eab00000,0x00000000ec880000)
  from space 4096K, 87% used [0x00000000ecb80000,0x00000000ecf02c18,0x00000000ecf80000)
  to   space 2048K, 0% used [0x00000000ecf80000,0x00000000ecf80000,0x00000000ed180000)
 ParOldGen       total 133632K, used 117703K [0x00000000c0000000, 0x00000000c8280000, 0x00000000eab00000)
  object space 133632K, 88% used [0x00000000c0000000,0x00000000c72f1f60,0x00000000c8280000)
 Metaspace       used 81653K, committed 82560K, reserved 1130496K
  class space    used 8230K, committed 8640K, reserved 1048576K
}
Event: 5989.457 GC heap before
{Heap before GC invocations=3137 (full 61):
 PSYoungGen      total 34304K, used 33803K [0x00000000eab00000, 0x00000000ed180000, 0x0000000100000000)
  eden space 30208K, 100% used [0x00000000eab00000,0x00000000ec880000,0x00000000ec880000)
  from space 4096K, 87% used [0x00000000ecb80000,0x00000000ecf02c18,0x00000000ecf80000)
  to   space 2048K, 0% used [0x00000000ecf80000,0x00000000ecf80000,0x00000000ed180000)
 ParOldGen       total 133632K, used 117703K [0x00000000c0000000, 0x00000000c8280000, 0x00000000eab00000)
  object space 133632K, 88% used [0x00000000c0000000,0x00000000c72f1f60,0x00000000c8280000)
 Metaspace       used 81653K, committed 82560K, reserved 1130496K
  class space    used 8230K, committed 8640K, reserved 1048576K
}
Event: 5989.463 GC heap after
{Heap after GC invocations=3137 (full 61):
 PSYoungGen      total 31744K, used 2047K [0x00000000eab00000, 0x00000000ed400000, 0x0000000100000000)
  eden space 29696K, 0% used [0x00000000eab00000,0x00000000eab00000,0x00000000ec800000)
  from space 2048K, 99% used [0x00000000ecf80000,0x00000000ed17fd58,0x00000000ed180000)
  to   space 6144K, 0% used [0x00000000ec800000,0x00000000ec800000,0x00000000ece00000)
 ParOldGen       total 133632K, used 121033K [0x00000000c0000000, 0x00000000c8280000, 0x00000000eab00000)
  object space 133632K, 90% used [0x00000000c0000000,0x00000000c76327b0,0x00000000c8280000)
 Metaspace       used 81653K, committed 82560K, reserved 1130496K
  class space    used 8230K, committed 8640K, reserved 1048576K
}
Event: 5989.562 GC heap before
{Heap before GC invocations=3138 (full 61):
 PSYoungGen      total 31744K, used 31722K [0x00000000eab00000, 0x00000000ed400000, 0x0000000100000000)
  eden space 29696K, 99% used [0x00000000eab00000,0x00000000ec7fad18,0x00000000ec800000)
  from space 2048K, 99% used [0x00000000ecf80000,0x00000000ed17fd58,0x00000000ed180000)
  to   space 6144K, 0% used [0x00000000ec800000,0x00000000ec800000,0x00000000ece00000)
 ParOldGen       total 133632K, used 121033K [0x00000000c0000000, 0x00000000c8280000, 0x00000000eab00000)
  object space 133632K, 90% used [0x00000000c0000000,0x00000000c76327b0,0x00000000c8280000)
 Metaspace       used 81654K, committed 82560K, reserved 1130496K
  class space    used 8230K, committed 8640K, reserved 1048576K
}
Event: 5989.567 GC heap after
{Heap after GC invocations=3138 (full 61):
 PSYoungGen      total 34816K, used 5196K [0x00000000eab00000, 0x00000000ed280000, 0x0000000100000000)
  eden space 29184K, 0% used [0x00000000eab00000,0x00000000eab00000,0x00000000ec780000)
  from space 5632K, 92% used [0x00000000ec800000,0x00000000ecd13210,0x00000000ecd80000)
  to   space 5120K, 0% used [0x00000000ecd80000,0x00000000ecd80000,0x00000000ed280000)
 ParOldGen       total 133632K, used 121363K [0x00000000c0000000, 0x00000000c8280000, 0x00000000eab00000)
  object space 133632K, 90% used [0x00000000c0000000,0x00000000c7684d58,0x00000000c8280000)
 Metaspace       used 81654K, committed 82560K, reserved 1130496K
  class space    used 8230K, committed 8640K, reserved 1048576K
}
Event: 5989.618 GC heap before
{Heap before GC invocations=3139 (full 61):
 PSYoungGen      total 34816K, used 34335K [0x00000000eab00000, 0x00000000ed280000, 0x0000000100000000)
  eden space 29184K, 99% used [0x00000000eab00000,0x00000000ec774ad0,0x00000000ec780000)
  from space 5632K, 92% used [0x00000000ec800000,0x00000000ecd13210,0x00000000ecd80000)
  to   space 5120K, 0% used [0x00000000ecd80000,0x00000000ecd80000,0x00000000ed280000)
 ParOldGen       total 133632K, used 121363K [0x00000000c0000000, 0x00000000c8280000, 0x00000000eab00000)
  object space 133632K, 90% used [0x00000000c0000000,0x00000000c7684d58,0x00000000c8280000)
 Metaspace       used 81654K, committed 82560K, reserved 1130496K
  class space    used 8230K, committed 8640K, reserved 1048576K
}
Event: 5989.620 GC heap after
{Heap after GC invocations=3139 (full 61):
 PSYoungGen      total 32768K, used 3718K [0x00000000eab00000, 0x00000000ed180000, 0x0000000100000000)
  eden space 28672K, 0% used [0x00000000eab00000,0x00000000eab00000,0x00000000ec700000)
  from space 4096K, 90% used [0x00000000ecd80000,0x00000000ed121940,0x00000000ed180000)
  to   space 4608K, 0% used [0x00000000ec880000,0x00000000ec880000,0x00000000ecd00000)
 ParOldGen       total 133632K, used 121363K [0x00000000c0000000, 0x00000000c8280000, 0x00000000eab00000)
  object space 133632K, 90% used [0x00000000c0000000,0x00000000c7684d58,0x00000000c8280000)
 Metaspace       used 81654K, committed 82560K, reserved 1130496K
  class space    used 8230K, committed 8640K, reserved 1048576K
}
Event: 5989.673 GC heap before
{Heap before GC invocations=3140 (full 61):
 PSYoungGen      total 32768K, used 32095K [0x00000000eab00000, 0x00000000ed180000, 0x0000000100000000)
  eden space 28672K, 98% used [0x00000000eab00000,0x00000000ec6b65c8,0x00000000ec700000)
  from space 4096K, 90% used [0x00000000ecd80000,0x00000000ed121940,0x00000000ed180000)
  to   space 4608K, 0% used [0x00000000ec880000,0x00000000ec880000,0x00000000ecd00000)
 ParOldGen       total 133632K, used 121363K [0x00000000c0000000, 0x00000000c8280000, 0x00000000eab00000)
  object space 133632K, 90% used [0x00000000c0000000,0x00000000c7684d58,0x00000000c8280000)
 Metaspace       used 81673K, committed 82560K, reserved 1130496K
  class space    used 8230K, committed 8640K, reserved 1048576K
}
Event: 5989.678 GC heap after
{Heap after GC invocations=3140 (full 61):
 PSYoungGen      total 34816K, used 4603K [0x00000000eab00000, 0x00000000ed800000, 0x0000000100000000)
  eden space 30208K, 0% used [0x00000000eab00000,0x00000000eab00000,0x00000000ec880000)
  from space 4608K, 99% used [0x00000000ec880000,0x00000000eccfecb8,0x00000000ecd00000)
  to   space 7680K, 0% used [0x00000000ed080000,0x00000000ed080000,0x00000000ed800000)
 ParOldGen       total 133632K, used 123445K [0x00000000c0000000, 0x00000000c8280000, 0x00000000eab00000)
  object space 133632K, 92% used [0x00000000c0000000,0x00000000c788d6c8,0x00000000c8280000)
 Metaspace       used 81673K, committed 82560K, reserved 1130496K
  class space    used 8230K, committed 8640K, reserved 1048576K
}
Event: 5989.721 GC heap before
{Heap before GC invocations=3141 (full 61):
 PSYoungGen      total 34816K, used 33228K [0x00000000eab00000, 0x00000000ed800000, 0x0000000100000000)
  eden space 30208K, 94% used [0x00000000eab00000,0x00000000ec6f4590,0x00000000ec880000)
  from space 4608K, 99% used [0x00000000ec880000,0x00000000eccfecb8,0x00000000ecd00000)
  to   space 7680K, 0% used [0x00000000ed080000,0x00000000ed080000,0x00000000ed800000)
 ParOldGen       total 133632K, used 123445K [0x00000000c0000000, 0x00000000c8280000, 0x00000000eab00000)
  object space 133632K, 92% used [0x00000000c0000000,0x00000000c788d6c8,0x00000000c8280000)
 Metaspace       used 81674K, committed 82560K, reserved 1130496K
  class space    used 8230K, committed 8640K, reserved 1048576K
}
Event: 5989.725 GC heap after
{Heap after GC invocations=3141 (full 61):
 PSYoungGen      total 35328K, used 2837K [0x00000000eab00000, 0x00000000ed380000, 0x0000000100000000)
  eden space 32256K, 0% used [0x00000000eab00000,0x00000000eab00000,0x00000000eca80000)
  from space 3072K, 92% used [0x00000000ed080000,0x00000000ed345488,0x00000000ed380000)
  to   space 4608K, 0% used [0x00000000eca80000,0x00000000eca80000,0x00000000ecf00000)
 ParOldGen       total 133632K, used 123701K [0x00000000c0000000, 0x00000000c8280000, 0x00000000eab00000)
  object space 133632K, 92% used [0x00000000c0000000,0x00000000c78cd6c8,0x00000000c8280000)
 Metaspace       used 81674K, committed 82560K, reserved 1130496K
  class space    used 8230K, committed 8640K, reserved 1048576K
}

